<?xml version="1.0" encoding="UTF-8"?>
<testsuite name="hard.BinarySearchTest" tests="8" skipped="0" failures="6" errors="0" timestamp="2025-08-08T00:22:36.457Z" hostname="Francisco-Velazquez-MacBook-Pro-16-inch-2021-" time="0.027">
  <properties/>
  <testcase name="testEmptyArray()" classname="hard.BinarySearchTest" time="0.013"/>
  <testcase name="testTwoElementArray()" classname="hard.BinarySearchTest" time="0.003">
    <failure message="org.opentest4j.AssertionFailedError: expected: &lt;0&gt; but was: &lt;-1&gt;" type="org.opentest4j.AssertionFailedError">org.opentest4j.AssertionFailedError: expected: &lt;0&gt; but was: &lt;-1&gt;
	at app//org.junit.jupiter.api.AssertionFailureBuilder.build(AssertionFailureBuilder.java:151)
	at app//org.junit.jupiter.api.AssertionFailureBuilder.buildAndThrow(AssertionFailureBuilder.java:132)
	at app//org.junit.jupiter.api.AssertEquals.failNotEqual(AssertEquals.java:197)
	at app//org.junit.jupiter.api.AssertEquals.assertEquals(AssertEquals.java:150)
	at app//org.junit.jupiter.api.AssertEquals.assertEquals(AssertEquals.java:145)
	at app//org.junit.jupiter.api.Assertions.assertEquals(Assertions.java:531)
	at app//hard.BinarySearchTest.testTwoElementArray(BinarySearchTest.kt:46)
	at java.base@11.0.19/java.lang.reflect.Method.invoke(Method.java:566)
	at java.base@11.0.19/java.util.ArrayList.forEach(ArrayList.java:1541)
	at java.base@11.0.19/java.util.ArrayList.forEach(ArrayList.java:1541)
</failure>
  </testcase>
  <testcase name="testFindMiddleElement()" classname="hard.BinarySearchTest" time="0.001">
    <failure message="org.opentest4j.AssertionFailedError: expected: &lt;5&gt; but was: &lt;-1&gt;" type="org.opentest4j.AssertionFailedError">org.opentest4j.AssertionFailedError: expected: &lt;5&gt; but was: &lt;-1&gt;
	at app//org.junit.jupiter.api.AssertionFailureBuilder.build(AssertionFailureBuilder.java:151)
	at app//org.junit.jupiter.api.AssertionFailureBuilder.buildAndThrow(AssertionFailureBuilder.java:132)
	at app//org.junit.jupiter.api.AssertEquals.failNotEqual(AssertEquals.java:197)
	at app//org.junit.jupiter.api.AssertEquals.assertEquals(AssertEquals.java:150)
	at app//org.junit.jupiter.api.AssertEquals.assertEquals(AssertEquals.java:145)
	at app//org.junit.jupiter.api.Assertions.assertEquals(Assertions.java:531)
	at app//hard.BinarySearchTest.testFindMiddleElement(BinarySearchTest.kt:19)
	at java.base@11.0.19/java.lang.reflect.Method.invoke(Method.java:566)
	at java.base@11.0.19/java.util.ArrayList.forEach(ArrayList.java:1541)
	at java.base@11.0.19/java.util.ArrayList.forEach(ArrayList.java:1541)
</failure>
  </testcase>
  <testcase name="testRecursiveVersion()" classname="hard.BinarySearchTest" time="0.001">
    <failure message="org.opentest4j.AssertionFailedError: expected: &lt;0&gt; but was: &lt;-1&gt;" type="org.opentest4j.AssertionFailedError">org.opentest4j.AssertionFailedError: expected: &lt;0&gt; but was: &lt;-1&gt;
	at app//org.junit.jupiter.api.AssertionFailureBuilder.build(AssertionFailureBuilder.java:151)
	at app//org.junit.jupiter.api.AssertionFailureBuilder.buildAndThrow(AssertionFailureBuilder.java:132)
	at app//org.junit.jupiter.api.AssertEquals.failNotEqual(AssertEquals.java:197)
	at app//org.junit.jupiter.api.AssertEquals.assertEquals(AssertEquals.java:150)
	at app//org.junit.jupiter.api.AssertEquals.assertEquals(AssertEquals.java:145)
	at app//org.junit.jupiter.api.Assertions.assertEquals(Assertions.java:531)
	at app//hard.BinarySearchTest.testRecursiveVersion(BinarySearchTest.kt:53)
	at java.base@11.0.19/java.lang.reflect.Method.invoke(Method.java:566)
	at java.base@11.0.19/java.util.ArrayList.forEach(ArrayList.java:1541)
	at java.base@11.0.19/java.util.ArrayList.forEach(ArrayList.java:1541)
</failure>
  </testcase>
  <testcase name="testElementNotFound()" classname="hard.BinarySearchTest" time="0.003"/>
  <testcase name="testSingleElementArray()" classname="hard.BinarySearchTest" time="0.001">
    <failure message="org.opentest4j.AssertionFailedError: expected: &lt;0&gt; but was: &lt;-1&gt;" type="org.opentest4j.AssertionFailedError">org.opentest4j.AssertionFailedError: expected: &lt;0&gt; but was: &lt;-1&gt;
	at app//org.junit.jupiter.api.AssertionFailureBuilder.build(AssertionFailureBuilder.java:151)
	at app//org.junit.jupiter.api.AssertionFailureBuilder.buildAndThrow(AssertionFailureBuilder.java:132)
	at app//org.junit.jupiter.api.AssertEquals.failNotEqual(AssertEquals.java:197)
	at app//org.junit.jupiter.api.AssertEquals.assertEquals(AssertEquals.java:150)
	at app//org.junit.jupiter.api.AssertEquals.assertEquals(AssertEquals.java:145)
	at app//org.junit.jupiter.api.Assertions.assertEquals(Assertions.java:531)
	at app//hard.BinarySearchTest.testSingleElementArray(BinarySearchTest.kt:33)
	at java.base@11.0.19/java.lang.reflect.Method.invoke(Method.java:566)
	at java.base@11.0.19/java.util.ArrayList.forEach(ArrayList.java:1541)
	at java.base@11.0.19/java.util.ArrayList.forEach(ArrayList.java:1541)
</failure>
  </testcase>
  <testcase name="testNegativeNumbers()" classname="hard.BinarySearchTest" time="0.0">
    <failure message="org.opentest4j.AssertionFailedError: expected: &lt;0&gt; but was: &lt;-1&gt;" type="org.opentest4j.AssertionFailedError">org.opentest4j.AssertionFailedError: expected: &lt;0&gt; but was: &lt;-1&gt;
	at app//org.junit.jupiter.api.AssertionFailureBuilder.build(AssertionFailureBuilder.java:151)
	at app//org.junit.jupiter.api.AssertionFailureBuilder.buildAndThrow(AssertionFailureBuilder.java:132)
	at app//org.junit.jupiter.api.AssertEquals.failNotEqual(AssertEquals.java:197)
	at app//org.junit.jupiter.api.AssertEquals.assertEquals(AssertEquals.java:150)
	at app//org.junit.jupiter.api.AssertEquals.assertEquals(AssertEquals.java:145)
	at app//org.junit.jupiter.api.Assertions.assertEquals(Assertions.java:531)
	at app//hard.BinarySearchTest.testNegativeNumbers(BinarySearchTest.kt:63)
	at java.base@11.0.19/java.lang.reflect.Method.invoke(Method.java:566)
	at java.base@11.0.19/java.util.ArrayList.forEach(ArrayList.java:1541)
	at java.base@11.0.19/java.util.ArrayList.forEach(ArrayList.java:1541)
</failure>
  </testcase>
  <testcase name="testFindExistingElement()" classname="hard.BinarySearchTest" time="0.001">
    <failure message="org.opentest4j.AssertionFailedError: expected: &lt;0&gt; but was: &lt;-1&gt;" type="org.opentest4j.AssertionFailedError">org.opentest4j.AssertionFailedError: expected: &lt;0&gt; but was: &lt;-1&gt;
	at app//org.junit.jupiter.api.AssertionFailureBuilder.build(AssertionFailureBuilder.java:151)
	at app//org.junit.jupiter.api.AssertionFailureBuilder.buildAndThrow(AssertionFailureBuilder.java:132)
	at app//org.junit.jupiter.api.AssertEquals.failNotEqual(AssertEquals.java:197)
	at app//org.junit.jupiter.api.AssertEquals.assertEquals(AssertEquals.java:150)
	at app//org.junit.jupiter.api.AssertEquals.assertEquals(AssertEquals.java:145)
	at app//org.junit.jupiter.api.Assertions.assertEquals(Assertions.java:531)
	at app//hard.BinarySearchTest.testFindExistingElement(BinarySearchTest.kt:12)
	at java.base@11.0.19/java.lang.reflect.Method.invoke(Method.java:566)
	at java.base@11.0.19/java.util.ArrayList.forEach(ArrayList.java:1541)
	at java.base@11.0.19/java.util.ArrayList.forEach(ArrayList.java:1541)
</failure>
  </testcase>
  <system-out><![CDATA[]]></system-out>
  <system-err><![CDATA[]]></system-err>
</testsuite>
