<?xml version="1.0" encoding="UTF-8"?>
<testsuite name="easy.ReverseStringTest" tests="7" skipped="0" failures="6" errors="0" timestamp="2025-08-08T00:22:36.446Z" hostname="Francisco-Velazquez-MacBook-Pro-16-inch-2021-" time="0.01">
  <properties/>
  <testcase name="testSimpleWord()" classname="easy.ReverseStringTest" time="0.004">
    <failure message="org.opentest4j.AssertionFailedError: expected: &lt;cba&gt; but was: &lt;&gt;" type="org.opentest4j.AssertionFailedError">org.opentest4j.AssertionFailedError: expected: &lt;cba&gt; but was: &lt;&gt;
	at app//org.junit.jupiter.api.AssertionFailureBuilder.build(AssertionFailureBuilder.java:151)
	at app//org.junit.jupiter.api.AssertionFailureBuilder.buildAndThrow(AssertionFailureBuilder.java:132)
	at app//org.junit.jupiter.api.AssertEquals.failNotEqual(AssertEquals.java:197)
	at app//org.junit.jupiter.api.AssertEquals.assertEquals(AssertEquals.java:182)
	at app//org.junit.jupiter.api.AssertEquals.assertEquals(AssertEquals.java:177)
	at app//org.junit.jupiter.api.Assertions.assertEquals(Assertions.java:1145)
	at app//easy.ReverseStringTest.testSimpleWord(ReverseStringTest.kt:10)
	at java.base@11.0.19/java.lang.reflect.Method.invoke(Method.java:566)
	at java.base@11.0.19/java.util.ArrayList.forEach(ArrayList.java:1541)
	at java.base@11.0.19/java.util.ArrayList.forEach(ArrayList.java:1541)
</failure>
  </testcase>
  <testcase name="testWithNumbers()" classname="easy.ReverseStringTest" time="0.0">
    <failure message="org.opentest4j.AssertionFailedError: expected: &lt;54321&gt; but was: &lt;&gt;" type="org.opentest4j.AssertionFailedError">org.opentest4j.AssertionFailedError: expected: &lt;54321&gt; but was: &lt;&gt;
	at app//org.junit.jupiter.api.AssertionFailureBuilder.build(AssertionFailureBuilder.java:151)
	at app//org.junit.jupiter.api.AssertionFailureBuilder.buildAndThrow(AssertionFailureBuilder.java:132)
	at app//org.junit.jupiter.api.AssertEquals.failNotEqual(AssertEquals.java:197)
	at app//org.junit.jupiter.api.AssertEquals.assertEquals(AssertEquals.java:182)
	at app//org.junit.jupiter.api.AssertEquals.assertEquals(AssertEquals.java:177)
	at app//org.junit.jupiter.api.Assertions.assertEquals(Assertions.java:1145)
	at app//easy.ReverseStringTest.testWithNumbers(ReverseStringTest.kt:35)
	at java.base@11.0.19/java.lang.reflect.Method.invoke(Method.java:566)
	at java.base@11.0.19/java.util.ArrayList.forEach(ArrayList.java:1541)
	at java.base@11.0.19/java.util.ArrayList.forEach(ArrayList.java:1541)
</failure>
  </testcase>
  <testcase name="testSingleCharacter()" classname="easy.ReverseStringTest" time="0.001">
    <failure message="org.opentest4j.AssertionFailedError: expected: &lt;a&gt; but was: &lt;&gt;" type="org.opentest4j.AssertionFailedError">org.opentest4j.AssertionFailedError: expected: &lt;a&gt; but was: &lt;&gt;
	at app//org.junit.jupiter.api.AssertionFailureBuilder.build(AssertionFailureBuilder.java:151)
	at app//org.junit.jupiter.api.AssertionFailureBuilder.buildAndThrow(AssertionFailureBuilder.java:132)
	at app//org.junit.jupiter.api.AssertEquals.failNotEqual(AssertEquals.java:197)
	at app//org.junit.jupiter.api.AssertEquals.assertEquals(AssertEquals.java:182)
	at app//org.junit.jupiter.api.AssertEquals.assertEquals(AssertEquals.java:177)
	at app//org.junit.jupiter.api.Assertions.assertEquals(Assertions.java:1145)
	at app//easy.ReverseStringTest.testSingleCharacter(ReverseStringTest.kt:20)
	at java.base@11.0.19/java.lang.reflect.Method.invoke(Method.java:566)
	at java.base@11.0.19/java.util.ArrayList.forEach(ArrayList.java:1541)
	at java.base@11.0.19/java.util.ArrayList.forEach(ArrayList.java:1541)
</failure>
  </testcase>
  <testcase name="testWithSpecialCharacters()" classname="easy.ReverseStringTest" time="0.0">
    <failure message="org.opentest4j.AssertionFailedError: expected: &lt;!@#$%&gt; but was: &lt;&gt;" type="org.opentest4j.AssertionFailedError">org.opentest4j.AssertionFailedError: expected: &lt;!@#$%&gt; but was: &lt;&gt;
	at app//org.junit.jupiter.api.AssertionFailureBuilder.build(AssertionFailureBuilder.java:151)
	at app//org.junit.jupiter.api.AssertionFailureBuilder.buildAndThrow(AssertionFailureBuilder.java:132)
	at app//org.junit.jupiter.api.AssertEquals.failNotEqual(AssertEquals.java:197)
	at app//org.junit.jupiter.api.AssertEquals.assertEquals(AssertEquals.java:182)
	at app//org.junit.jupiter.api.AssertEquals.assertEquals(AssertEquals.java:177)
	at app//org.junit.jupiter.api.Assertions.assertEquals(Assertions.java:1145)
	at app//easy.ReverseStringTest.testWithSpecialCharacters(ReverseStringTest.kt:40)
	at java.base@11.0.19/java.lang.reflect.Method.invoke(Method.java:566)
	at java.base@11.0.19/java.util.ArrayList.forEach(ArrayList.java:1541)
	at java.base@11.0.19/java.util.ArrayList.forEach(ArrayList.java:1541)
</failure>
  </testcase>
  <testcase name="testEmptyString()" classname="easy.ReverseStringTest" time="0.002"/>
  <testcase name="testPalindrome()" classname="easy.ReverseStringTest" time="0.0">
    <failure message="org.opentest4j.AssertionFailedError: expected: &lt;madam&gt; but was: &lt;&gt;" type="org.opentest4j.AssertionFailedError">org.opentest4j.AssertionFailedError: expected: &lt;madam&gt; but was: &lt;&gt;
	at app//org.junit.jupiter.api.AssertionFailureBuilder.build(AssertionFailureBuilder.java:151)
	at app//org.junit.jupiter.api.AssertionFailureBuilder.buildAndThrow(AssertionFailureBuilder.java:132)
	at app//org.junit.jupiter.api.AssertEquals.failNotEqual(AssertEquals.java:197)
	at app//org.junit.jupiter.api.AssertEquals.assertEquals(AssertEquals.java:182)
	at app//org.junit.jupiter.api.AssertEquals.assertEquals(AssertEquals.java:177)
	at app//org.junit.jupiter.api.Assertions.assertEquals(Assertions.java:1145)
	at app//easy.ReverseStringTest.testPalindrome(ReverseStringTest.kt:25)
	at java.base@11.0.19/java.lang.reflect.Method.invoke(Method.java:566)
	at java.base@11.0.19/java.util.ArrayList.forEach(ArrayList.java:1541)
	at java.base@11.0.19/java.util.ArrayList.forEach(ArrayList.java:1541)
</failure>
  </testcase>
  <testcase name="testWithSpaces()" classname="easy.ReverseStringTest" time="0.001">
    <failure message="org.opentest4j.AssertionFailedError: expected: &lt;dlrow olleh&gt; but was: &lt;&gt;" type="org.opentest4j.AssertionFailedError">org.opentest4j.AssertionFailedError: expected: &lt;dlrow olleh&gt; but was: &lt;&gt;
	at app//org.junit.jupiter.api.AssertionFailureBuilder.build(AssertionFailureBuilder.java:151)
	at app//org.junit.jupiter.api.AssertionFailureBuilder.buildAndThrow(AssertionFailureBuilder.java:132)
	at app//org.junit.jupiter.api.AssertEquals.failNotEqual(AssertEquals.java:197)
	at app//org.junit.jupiter.api.AssertEquals.assertEquals(AssertEquals.java:182)
	at app//org.junit.jupiter.api.AssertEquals.assertEquals(AssertEquals.java:177)
	at app//org.junit.jupiter.api.Assertions.assertEquals(Assertions.java:1145)
	at app//easy.ReverseStringTest.testWithSpaces(ReverseStringTest.kt:30)
	at java.base@11.0.19/java.lang.reflect.Method.invoke(Method.java:566)
	at java.base@11.0.19/java.util.ArrayList.forEach(ArrayList.java:1541)
	at java.base@11.0.19/java.util.ArrayList.forEach(ArrayList.java:1541)
</failure>
  </testcase>
  <system-out><![CDATA[]]></system-out>
  <system-err><![CDATA[]]></system-err>
</testsuite>
