<?xml version="1.0" encoding="UTF-8"?>
<testsuite name="medium.GroupAnagramsTest" tests="7" skipped="0" failures="6" errors="0" timestamp="2025-08-08T00:22:36.521Z" hostname="Francisco-Velazquez-MacBook-Pro-16-inch-2021-" time="0.007">
  <properties/>
  <testcase name="testAllAnagrams()" classname="medium.GroupAnagramsTest" time="0.002">
    <failure message="org.opentest4j.AssertionFailedError: expected: &lt;1&gt; but was: &lt;0&gt;" type="org.opentest4j.AssertionFailedError">org.opentest4j.AssertionFailedError: expected: &lt;1&gt; but was: &lt;0&gt;
	at app//org.junit.jupiter.api.AssertionFailureBuilder.build(AssertionFailureBuilder.java:151)
	at app//org.junit.jupiter.api.AssertionFailureBuilder.buildAndThrow(AssertionFailureBuilder.java:132)
	at app//org.junit.jupiter.api.AssertEquals.failNotEqual(AssertEquals.java:197)
	at app//org.junit.jupiter.api.AssertEquals.assertEquals(AssertEquals.java:150)
	at app//org.junit.jupiter.api.AssertEquals.assertEquals(AssertEquals.java:145)
	at app//org.junit.jupiter.api.Assertions.assertEquals(Assertions.java:531)
	at app//medium.GroupAnagramsTest.testAllAnagrams(GroupAnagramsTest.kt:49)
	at java.base@11.0.19/java.lang.reflect.Method.invoke(Method.java:566)
	at java.base@11.0.19/java.util.ArrayList.forEach(ArrayList.java:1541)
	at java.base@11.0.19/java.util.ArrayList.forEach(ArrayList.java:1541)
</failure>
  </testcase>
  <testcase name="testEmptyList()" classname="medium.GroupAnagramsTest" time="0.001"/>
  <testcase name="testBasicAnagrams()" classname="medium.GroupAnagramsTest" time="0.0">
    <failure message="org.opentest4j.AssertionFailedError: expected: &lt;3&gt; but was: &lt;0&gt;" type="org.opentest4j.AssertionFailedError">org.opentest4j.AssertionFailedError: expected: &lt;3&gt; but was: &lt;0&gt;
	at app//org.junit.jupiter.api.AssertionFailureBuilder.build(AssertionFailureBuilder.java:151)
	at app//org.junit.jupiter.api.AssertionFailureBuilder.buildAndThrow(AssertionFailureBuilder.java:132)
	at app//org.junit.jupiter.api.AssertEquals.failNotEqual(AssertEquals.java:197)
	at app//org.junit.jupiter.api.AssertEquals.assertEquals(AssertEquals.java:150)
	at app//org.junit.jupiter.api.AssertEquals.assertEquals(AssertEquals.java:145)
	at app//org.junit.jupiter.api.Assertions.assertEquals(Assertions.java:531)
	at app//medium.GroupAnagramsTest.testBasicAnagrams(GroupAnagramsTest.kt:17)
	at java.base@11.0.19/java.lang.reflect.Method.invoke(Method.java:566)
	at java.base@11.0.19/java.util.ArrayList.forEach(ArrayList.java:1541)
	at java.base@11.0.19/java.util.ArrayList.forEach(ArrayList.java:1541)
</failure>
  </testcase>
  <testcase name="testNoAnagrams()" classname="medium.GroupAnagramsTest" time="0.0">
    <failure message="org.opentest4j.AssertionFailedError: expected: &lt;3&gt; but was: &lt;0&gt;" type="org.opentest4j.AssertionFailedError">org.opentest4j.AssertionFailedError: expected: &lt;3&gt; but was: &lt;0&gt;
	at app//org.junit.jupiter.api.AssertionFailureBuilder.build(AssertionFailureBuilder.java:151)
	at app//org.junit.jupiter.api.AssertionFailureBuilder.buildAndThrow(AssertionFailureBuilder.java:132)
	at app//org.junit.jupiter.api.AssertEquals.failNotEqual(AssertEquals.java:197)
	at app//org.junit.jupiter.api.AssertEquals.assertEquals(AssertEquals.java:150)
	at app//org.junit.jupiter.api.AssertEquals.assertEquals(AssertEquals.java:145)
	at app//org.junit.jupiter.api.Assertions.assertEquals(Assertions.java:531)
	at app//medium.GroupAnagramsTest.testNoAnagrams(GroupAnagramsTest.kt:38)
	at java.base@11.0.19/java.lang.reflect.Method.invoke(Method.java:566)
	at java.base@11.0.19/java.util.ArrayList.forEach(ArrayList.java:1541)
	at java.base@11.0.19/java.util.ArrayList.forEach(ArrayList.java:1541)
</failure>
  </testcase>
  <testcase name="testSingleWord()" classname="medium.GroupAnagramsTest" time="0.0">
    <failure message="org.opentest4j.AssertionFailedError: expected: &lt;1&gt; but was: &lt;0&gt;" type="org.opentest4j.AssertionFailedError">org.opentest4j.AssertionFailedError: expected: &lt;1&gt; but was: &lt;0&gt;
	at app//org.junit.jupiter.api.AssertionFailureBuilder.build(AssertionFailureBuilder.java:151)
	at app//org.junit.jupiter.api.AssertionFailureBuilder.buildAndThrow(AssertionFailureBuilder.java:132)
	at app//org.junit.jupiter.api.AssertEquals.failNotEqual(AssertEquals.java:197)
	at app//org.junit.jupiter.api.AssertEquals.assertEquals(AssertEquals.java:150)
	at app//org.junit.jupiter.api.AssertEquals.assertEquals(AssertEquals.java:145)
	at app//org.junit.jupiter.api.Assertions.assertEquals(Assertions.java:531)
	at app//medium.GroupAnagramsTest.testSingleWord(GroupAnagramsTest.kt:30)
	at java.base@11.0.19/java.lang.reflect.Method.invoke(Method.java:566)
	at java.base@11.0.19/java.util.ArrayList.forEach(ArrayList.java:1541)
	at java.base@11.0.19/java.util.ArrayList.forEach(ArrayList.java:1541)
</failure>
  </testcase>
  <testcase name="testWithSpaces()" classname="medium.GroupAnagramsTest" time="0.002">
    <failure message="org.opentest4j.AssertionFailedError: expected: &lt;2&gt; but was: &lt;0&gt;" type="org.opentest4j.AssertionFailedError">org.opentest4j.AssertionFailedError: expected: &lt;2&gt; but was: &lt;0&gt;
	at app//org.junit.jupiter.api.AssertionFailureBuilder.build(AssertionFailureBuilder.java:151)
	at app//org.junit.jupiter.api.AssertionFailureBuilder.buildAndThrow(AssertionFailureBuilder.java:132)
	at app//org.junit.jupiter.api.AssertEquals.failNotEqual(AssertEquals.java:197)
	at app//org.junit.jupiter.api.AssertEquals.assertEquals(AssertEquals.java:150)
	at app//org.junit.jupiter.api.AssertEquals.assertEquals(AssertEquals.java:145)
	at app//org.junit.jupiter.api.Assertions.assertEquals(Assertions.java:531)
	at app//medium.GroupAnagramsTest.testWithSpaces(GroupAnagramsTest.kt:66)
	at java.base@11.0.19/java.lang.reflect.Method.invoke(Method.java:566)
	at java.base@11.0.19/java.util.ArrayList.forEach(ArrayList.java:1541)
	at java.base@11.0.19/java.util.ArrayList.forEach(ArrayList.java:1541)
</failure>
  </testcase>
  <testcase name="testCaseSensitive()" classname="medium.GroupAnagramsTest" time="0.0">
    <failure message="org.opentest4j.AssertionFailedError: expected: &lt;2&gt; but was: &lt;0&gt;" type="org.opentest4j.AssertionFailedError">org.opentest4j.AssertionFailedError: expected: &lt;2&gt; but was: &lt;0&gt;
	at app//org.junit.jupiter.api.AssertionFailureBuilder.build(AssertionFailureBuilder.java:151)
	at app//org.junit.jupiter.api.AssertionFailureBuilder.buildAndThrow(AssertionFailureBuilder.java:132)
	at app//org.junit.jupiter.api.AssertEquals.failNotEqual(AssertEquals.java:197)
	at app//org.junit.jupiter.api.AssertEquals.assertEquals(AssertEquals.java:150)
	at app//org.junit.jupiter.api.AssertEquals.assertEquals(AssertEquals.java:145)
	at app//org.junit.jupiter.api.Assertions.assertEquals(Assertions.java:531)
	at app//medium.GroupAnagramsTest.testCaseSensitive(GroupAnagramsTest.kt:57)
	at java.base@11.0.19/java.lang.reflect.Method.invoke(Method.java:566)
	at java.base@11.0.19/java.util.ArrayList.forEach(ArrayList.java:1541)
	at java.base@11.0.19/java.util.ArrayList.forEach(ArrayList.java:1541)
</failure>
  </testcase>
  <system-out><![CDATA[]]></system-out>
  <system-err><![CDATA[]]></system-err>
</testsuite>
