<?xml version="1.0" encoding="UTF-8"?>
<testsuite name="hard.FindShortestPathTest" tests="8" skipped="0" failures="6" errors="0" timestamp="2025-08-08T00:22:36.484Z" hostname="Francisco-Velazquez-MacBook-Pro-16-inch-2021-" time="0.019">
  <properties/>
  <testcase name="testNoPathExists()" classname="hard.FindShortestPathTest" time="0.014"/>
  <testcase name="testSimpleWeightedPath()" classname="hard.FindShortestPathTest" time="0.002">
    <failure message="org.opentest4j.AssertionFailedError: expected: &lt;[0, 1, 3]&gt; but was: &lt;null&gt;" type="org.opentest4j.AssertionFailedError">org.opentest4j.AssertionFailedError: expected: &lt;[0, 1, 3]&gt; but was: &lt;null&gt;
	at app//org.junit.jupiter.api.AssertionFailureBuilder.build(AssertionFailureBuilder.java:151)
	at app//org.junit.jupiter.api.AssertionFailureBuilder.buildAndThrow(AssertionFailureBuilder.java:132)
	at app//org.junit.jupiter.api.AssertEquals.failNotEqual(AssertEquals.java:197)
	at app//org.junit.jupiter.api.AssertEquals.assertEquals(AssertEquals.java:182)
	at app//org.junit.jupiter.api.AssertEquals.assertEquals(AssertEquals.java:177)
	at app//org.junit.jupiter.api.Assertions.assertEquals(Assertions.java:1145)
	at app//hard.FindShortestPathTest.testSimpleWeightedPath(FindShortestPathTest.kt:21)
	at java.base@11.0.19/java.lang.reflect.Method.invoke(Method.java:566)
	at java.base@11.0.19/java.util.ArrayList.forEach(ArrayList.java:1541)
	at java.base@11.0.19/java.util.ArrayList.forEach(ArrayList.java:1541)
</failure>
  </testcase>
  <testcase name="testDirectPath()" classname="hard.FindShortestPathTest" time="0.0">
    <failure message="org.opentest4j.AssertionFailedError: expected: &lt;[0, 1]&gt; but was: &lt;null&gt;" type="org.opentest4j.AssertionFailedError">org.opentest4j.AssertionFailedError: expected: &lt;[0, 1]&gt; but was: &lt;null&gt;
	at app//org.junit.jupiter.api.AssertionFailureBuilder.build(AssertionFailureBuilder.java:151)
	at app//org.junit.jupiter.api.AssertionFailureBuilder.buildAndThrow(AssertionFailureBuilder.java:132)
	at app//org.junit.jupiter.api.AssertEquals.failNotEqual(AssertEquals.java:197)
	at app//org.junit.jupiter.api.AssertEquals.assertEquals(AssertEquals.java:182)
	at app//org.junit.jupiter.api.AssertEquals.assertEquals(AssertEquals.java:177)
	at app//org.junit.jupiter.api.Assertions.assertEquals(Assertions.java:1145)
	at app//hard.FindShortestPathTest.testDirectPath(FindShortestPathTest.kt:32)
	at java.base@11.0.19/java.lang.reflect.Method.invoke(Method.java:566)
	at java.base@11.0.19/java.util.ArrayList.forEach(ArrayList.java:1541)
	at java.base@11.0.19/java.util.ArrayList.forEach(ArrayList.java:1541)
</failure>
  </testcase>
  <testcase name="testBFSNoPath()" classname="hard.FindShortestPathTest" time="0.0"/>
  <testcase name="testComplexWeightedGraph()" classname="hard.FindShortestPathTest" time="0.0">
    <failure message="org.opentest4j.AssertionFailedError: expected: &lt;[0, 2, 1, 3]&gt; but was: &lt;null&gt;" type="org.opentest4j.AssertionFailedError">org.opentest4j.AssertionFailedError: expected: &lt;[0, 2, 1, 3]&gt; but was: &lt;null&gt;
	at app//org.junit.jupiter.api.AssertionFailureBuilder.build(AssertionFailureBuilder.java:151)
	at app//org.junit.jupiter.api.AssertionFailureBuilder.buildAndThrow(AssertionFailureBuilder.java:132)
	at app//org.junit.jupiter.api.AssertEquals.failNotEqual(AssertEquals.java:197)
	at app//org.junit.jupiter.api.AssertEquals.assertEquals(AssertEquals.java:182)
	at app//org.junit.jupiter.api.AssertEquals.assertEquals(AssertEquals.java:177)
	at app//org.junit.jupiter.api.Assertions.assertEquals(Assertions.java:1145)
	at app//hard.FindShortestPathTest.testComplexWeightedGraph(FindShortestPathTest.kt:114)
	at java.base@11.0.19/java.lang.reflect.Method.invoke(Method.java:566)
	at java.base@11.0.19/java.util.ArrayList.forEach(ArrayList.java:1541)
	at java.base@11.0.19/java.util.ArrayList.forEach(ArrayList.java:1541)
</failure>
  </testcase>
  <testcase name="testBFSSimplePath()" classname="hard.FindShortestPathTest" time="0.001">
    <failure message="org.opentest4j.AssertionFailedError: expected: &lt;3&gt; but was: &lt;null&gt;" type="org.opentest4j.AssertionFailedError">org.opentest4j.AssertionFailedError: expected: &lt;3&gt; but was: &lt;null&gt;
	at app//org.junit.jupiter.api.AssertionFailureBuilder.build(AssertionFailureBuilder.java:151)
	at app//org.junit.jupiter.api.AssertionFailureBuilder.buildAndThrow(AssertionFailureBuilder.java:132)
	at app//org.junit.jupiter.api.AssertEquals.failNotEqual(AssertEquals.java:197)
	at app//org.junit.jupiter.api.AssertEquals.assertEquals(AssertEquals.java:182)
	at app//org.junit.jupiter.api.AssertEquals.assertEquals(AssertEquals.java:177)
	at app//org.junit.jupiter.api.Assertions.assertEquals(Assertions.java:538)
	at app//hard.FindShortestPathTest.testBFSSimplePath(FindShortestPathTest.kt:71)
	at java.base@11.0.19/java.lang.reflect.Method.invoke(Method.java:566)
	at java.base@11.0.19/java.util.ArrayList.forEach(ArrayList.java:1541)
	at java.base@11.0.19/java.util.ArrayList.forEach(ArrayList.java:1541)
</failure>
  </testcase>
  <testcase name="testSameStartAndEnd()" classname="hard.FindShortestPathTest" time="0.0">
    <failure message="org.opentest4j.AssertionFailedError: expected: &lt;[0]&gt; but was: &lt;null&gt;" type="org.opentest4j.AssertionFailedError">org.opentest4j.AssertionFailedError: expected: &lt;[0]&gt; but was: &lt;null&gt;
	at app//org.junit.jupiter.api.AssertionFailureBuilder.build(AssertionFailureBuilder.java:151)
	at app//org.junit.jupiter.api.AssertionFailureBuilder.buildAndThrow(AssertionFailureBuilder.java:132)
	at app//org.junit.jupiter.api.AssertEquals.failNotEqual(AssertEquals.java:197)
	at app//org.junit.jupiter.api.AssertEquals.assertEquals(AssertEquals.java:182)
	at app//org.junit.jupiter.api.AssertEquals.assertEquals(AssertEquals.java:177)
	at app//org.junit.jupiter.api.Assertions.assertEquals(Assertions.java:1145)
	at app//hard.FindShortestPathTest.testSameStartAndEnd(FindShortestPathTest.kt:56)
	at java.base@11.0.19/java.lang.reflect.Method.invoke(Method.java:566)
	at java.base@11.0.19/java.util.ArrayList.forEach(ArrayList.java:1541)
	at java.base@11.0.19/java.util.ArrayList.forEach(ArrayList.java:1541)
</failure>
  </testcase>
  <testcase name="testBFSDirectConnection()" classname="hard.FindShortestPathTest" time="0.001">
    <failure message="org.opentest4j.AssertionFailedError: expected: &lt;[0, 2]&gt; but was: &lt;null&gt;" type="org.opentest4j.AssertionFailedError">org.opentest4j.AssertionFailedError: expected: &lt;[0, 2]&gt; but was: &lt;null&gt;
	at app//org.junit.jupiter.api.AssertionFailureBuilder.build(AssertionFailureBuilder.java:151)
	at app//org.junit.jupiter.api.AssertionFailureBuilder.buildAndThrow(AssertionFailureBuilder.java:132)
	at app//org.junit.jupiter.api.AssertEquals.failNotEqual(AssertEquals.java:197)
	at app//org.junit.jupiter.api.AssertEquals.assertEquals(AssertEquals.java:182)
	at app//org.junit.jupiter.api.AssertEquals.assertEquals(AssertEquals.java:177)
	at app//org.junit.jupiter.api.Assertions.assertEquals(Assertions.java:1145)
	at app//hard.FindShortestPathTest.testBFSDirectConnection(FindShortestPathTest.kt:99)
	at java.base@11.0.19/java.lang.reflect.Method.invoke(Method.java:566)
	at java.base@11.0.19/java.util.ArrayList.forEach(ArrayList.java:1541)
	at java.base@11.0.19/java.util.ArrayList.forEach(ArrayList.java:1541)
</failure>
  </testcase>
  <system-out><![CDATA[]]></system-out>
  <system-err><![CDATA[]]></system-err>
</testsuite>
